\BOOKMARK [0][-]{lop.0}{\376\377\000L\000i\000s\000t\000\040\000o\000f\000\040\000p\000a\000p\000e\000r\000s}{}% 1
\BOOKMARK [0][-]{section*.1}{\376\377\000L\000i\000s\000t\000\040\000o\000f\000\040\000p\000a\000p\000e\000r\000s}{}% 2
\BOOKMARK [0][-]{section*.2}{\376\377\000S\000u\000m\000m\000a\000r\000y}{}% 3
\BOOKMARK [1][-]{section*.3}{\376\377\000\040\000i\000n\000\040\000S\000w\000e\000d\000i\000s\000h}{section*.2}% 4
\BOOKMARK [0][-]{chapter.1}{\376\377\0001\000\040\000I\000n\000t\000r\000o\000d\000u\000c\000t\000i\000o\000n}{}% 5
\BOOKMARK [1][-]{section.1.1}{\376\377\0001\000.\0001\000\040\000F\000o\000r\000m\000a\000l\000\040\000V\000e\000r\000i\000f\000i\000c\000a\000t\000i\000o\000n}{chapter.1}% 6
\BOOKMARK [1][-]{section.1.2}{\376\377\0001\000.\0002\000\040\000R\000e\000s\000e\000a\000r\000c\000h\000\040\000C\000h\000a\000l\000l\000e\000n\000g\000e\000s}{chapter.1}% 7
\BOOKMARK [0][-]{chapter.2}{\376\377\0002\000\040\000M\000o\000d\000e\000l\000\040\000C\000h\000e\000c\000k\000i\000n\000g}{}% 8
\BOOKMARK [0][-]{chapter.3}{\376\377\0003\000\040\000D\000a\000t\000a\000\040\000S\000t\000r\000u\000c\000t\000u\000r\000e\000s}{}% 9
\BOOKMARK [1][-]{section.3.1}{\376\377\0003\000.\0001\000\040\000L\000i\000n\000e\000a\000r\000i\000z\000a\000b\000i\000l\000i\000t\000y}{chapter.3}% 10
\BOOKMARK [0][-]{chapter.4}{\376\377\0004\000\040\000S\000p\000e\000c\000i\000f\000y\000i\000n\000g\000\040\000L\000i\000n\000e\000a\000r\000i\000z\000a\000b\000i\000l\000i\000t\000y}{}% 11
\BOOKMARK [1][-]{section.4.1}{\376\377\0004\000.\0001\000\040\000O\000b\000s\000e\000r\000v\000e\000r\000s}{chapter.4}% 12
\BOOKMARK [1][-]{section.4.2}{\376\377\0004\000.\0002\000\040\000L\000i\000n\000e\000a\000r\000i\000z\000a\000t\000i\000o\000n\000\040\000P\000o\000l\000i\000c\000i\000e\000s}{chapter.4}% 13
\BOOKMARK [0][-]{chapter.5}{\376\377\0005\000\040\000S\000h\000a\000p\000e\000\040\000A\000n\000a\000l\000y\000s\000i\000s}{}% 14
\BOOKMARK [1][-]{section.5.1}{\376\377\0005\000.\0001\000\040\000P\000r\000e\000v\000i\000o\000u\000s\000\040\000A\000p\000p\000r\000o\000a\000c\000h\000e\000s}{chapter.5}% 15
\BOOKMARK [1][-]{section.5.2}{\376\377\0005\000.\0002\000\040\000O\000u\000r\000\040\000A\000p\000p\000r\000o\000a\000c\000h\000e\000s}{chapter.5}% 16
\BOOKMARK [0][-]{chapter.6}{\376\377\0006\000\040\000R\000e\000l\000a\000t\000e\000d\000\040\000W\000o\000r\000k}{}% 17
\BOOKMARK [1][-]{section.6.1}{\376\377\0006\000.\0001\000\040\000V\000e\000r\000i\000f\000i\000c\000a\000t\000i\000o\000n\000\040\000o\000f\000\040\000L\000i\000n\000e\000a\000r\000i\000z\000a\000b\000i\000l\000i\000t\000y}{chapter.6}% 18
\BOOKMARK [1][-]{section.6.2}{\376\377\0006\000.\0002\000\040\000S\000h\000a\000p\000e\000\040\000A\000n\000a\000l\000y\000s\000i\000s}{chapter.6}% 19
\BOOKMARK [0][-]{chapter.7}{\376\377\0007\000\040\000C\000o\000n\000c\000l\000u\000s\000i\000o\000n\000\040\000a\000n\000d\000\040\000F\000u\000t\000u\000r\000e\000\040\000W\000o\000r\000k}{}% 20
\BOOKMARK [0][-]{chapter.8}{\376\377\0008\000\040\000S\000u\000m\000m\000a\000r\000y\000\040\000o\000f\000\040\000C\000o\000n\000t\000r\000i\000b\000u\000t\000i\000o\000n\000s}{}% 21
\BOOKMARK [1][-]{section.8.1}{\376\377\0008\000.\0001\000\040\000P\000a\000p\000e\000r\000\040\000I\000:\000\040\000V\000e\000r\000i\000f\000i\000c\000a\000t\000i\000o\000n\000\040\000o\000f\000\040\000H\000e\000a\000p\000\040\000M\000a\000n\000i\000p\000u\000l\000a\000t\000i\000n\000g\000\040\000P\000r\000o\000g\000r\000a\000m\000s\000\040\000w\000i\000t\000h\000\040\000O\000r\000d\000e\000r\000e\000d\000\040\000D\000a\000t\000a\000\040\000b\000y\000\040\000E\000x\000t\000e\000n\000d\000e\000d\000\040\000F\000o\000r\000e\000s\000t\000\040\000A\000u\000t\000o\000m\000a\000t\000a}{chapter.8}% 22
\BOOKMARK [1][-]{section.8.2}{\376\377\0008\000.\0002\000\040\000P\000a\000p\000e\000r\000\040\000I\000I\000:\000\040\000A\000u\000t\000o\000m\000a\000t\000e\000d\000\040\000V\000e\000r\000i\000f\000i\000c\000a\000t\000i\000o\000n\000\040\000o\000f\000\040\000L\000i\000n\000e\000a\000r\000i\000z\000a\000t\000i\000o\000n\000\040\000P\000o\000l\000i\000c\000i\000e\000s}{chapter.8}% 23
\BOOKMARK [1][-]{section.8.3}{\376\377\0008\000.\0003\000\040\000P\000a\000p\000e\000r\000\040\000I\000I\000I\000:\000\040\000F\000r\000a\000g\000m\000e\000n\000t\000\040\000A\000b\000s\000t\000r\000a\000c\000t\000i\000o\000n\000\040\000f\000o\000r\000\040\000C\000o\000n\000c\000u\000r\000r\000e\000n\000t\000\040\000S\000h\000a\000p\000e\000\040\000A\000n\000a\000l\000y\000s\000i\000s}{chapter.8}% 24
\BOOKMARK [0][-]{chapter.9}{\376\377\0009\000\040\000R\000e\000f\000e\000r\000e\000n\000c\000e\000s}{}% 25
