This is pdfTeX, Version 3.14159265-2.6-1.40.17 (TeX Live 2016) (preloaded format=pdftex 2016.5.22)  18 DEC 2017 13:31
entering extended mode
 restricted \write18 enabled.
 file:line:error style messages enabled.
 %&-line parsing enabled.
**approximations.tex
(./approximations.tex
./approximations.tex:1: Undefined control sequence.
l.1 \begin
          {tikzpicture}[% show background rectangle,
The control sequence at the end of the top line
of your error message was never \def'ed. If you have
misspelled it (e.g., `\hobx'), type `I' and the correct
spelling (e.g., `I\hbox'). Otherwise just continue,
and I'll forget about whatever was undefined.

./approximations.tex:5: Undefined control sequence.
l.5   \node
           [] (ua) at (1ex,0) {};
The control sequence at the end of the top line
of your error message was never \def'ed. If you have
misspelled it (e.g., `\hobx'), type `I' and the correct
spelling (e.g., `I\hbox'). Otherwise just continue,
and I'll forget about whatever was undefined.

./approximations.tex:6: Undefined control sequence.
l.6   \node
           [inner xsep=2ex,text width=9ex, align=center, right=3ex of ua.eas...
The control sequence at the end of the top line
of your error message was never \def'ed. If you have
misspelled it (e.g., `\hobx'), type `I' and the correct
spelling (e.g., `I\hbox'). Otherwise just continue,
and I'll forget about whatever was undefined.

./approximations.tex:8: Undefined control sequence.
l.8   \node
           [inner xsep=2ex,text width=13ex,  right=3ex of sys.east] (oa) {Ab...
The control sequence at the end of the top line
of your error message was never \def'ed. If you have
misspelled it (e.g., `\hobx'), type `I' and the correct
spelling (e.g., `I\hbox'). Otherwise just continue,
and I'll forget about whatever was undefined.

./approximations.tex:10: Undefined control sequence.
l.10     \node
              [inner xsep=2ex,text width=15ex,  right=3ex of sys.east] (oa) ...
The control sequence at the end of the top line
of your error message was never \def'ed. If you have
misspelled it (e.g., `\hobx'), type `I' and the correct
spelling (e.g., `I\hbox'). Otherwise just continue,
and I'll forget about whatever was undefined.

./approximations.tex:13: Undefined control sequence.
l.13   \node
            [right] (bad) at (75mm,0) {Bad States};
The control sequence at the end of the top line
of your error message was never \def'ed. If you have
misspelled it (e.g., `\hobx'), type `I' and the correct
spelling (e.g., `I\hbox'). Otherwise just continue,
and I'll forget about whatever was undefined.

./approximations.tex:15: Undefined control sequence.
l.15   \begin
             {pgfonlayer}{my background}
The control sequence at the end of the top line
of your error message was never \def'ed. If you have
misspelled it (e.g., `\hobx'), type `I' and the correct
spelling (e.g., `I\hbox'). Otherwise just continue,
and I'll forget about whatever was undefined.

./approximations.tex:16: Undefined control sequence.
l.16     \foreach
                  \n/\m/\s in {oa/20mm/0, sys/15mm/0.1}{
The control sequence at the end of the top line
of your error message was never \def'ed. If you have
misspelled it (e.g., `\hobx'), type `I' and the correct
spelling (e.g., `I\hbox'). Otherwise just continue,
and I'll forget about whatever was undefined.

./approximations.tex:16: Undefined control sequence.
l.16     \foreach \n
                    /\m/\s in {oa/20mm/0, sys/15mm/0.1}{
The control sequence at the end of the top line
of your error message was never \def'ed. If you have
misspelled it (e.g., `\hobx'), type `I' and the correct
spelling (e.g., `I\hbox'). Otherwise just continue,
and I'll forget about whatever was undefined.

./approximations.tex:16: Undefined control sequence.
l.16     \foreach \n/\m
                       /\s in {oa/20mm/0, sys/15mm/0.1}{
The control sequence at the end of the top line
of your error message was never \def'ed. If you have
misspelled it (e.g., `\hobx'), type `I' and the correct
spelling (e.g., `I\hbox'). Otherwise just continue,
and I'll forget about whatever was undefined.

./approximations.tex:16: Undefined control sequence.
l.16     \foreach \n/\m/\s
                           in {oa/20mm/0, sys/15mm/0.1}{
The control sequence at the end of the top line
of your error message was never \def'ed. If you have
misspelled it (e.g., `\hobx'), type `I' and the correct
spelling (e.g., `I\hbox'). Otherwise just continue,
and I'll forget about whatever was undefined.

./approximations.tex:17: Undefined control sequence.
l.17       \path
                [group] (\s,0) .. controls +(up:\m) and +(up:\m) .. (\n.east...
The control sequence at the end of the top line
of your error message was never \def'ed. If you have
misspelled it (e.g., `\hobx'), type `I' and the correct
spelling (e.g., `I\hbox'). Otherwise just continue,
and I'll forget about whatever was undefined.

./approximations.tex:17: Undefined control sequence.
l.17       \path[group] (\s
                           ,0) .. controls +(up:\m) and +(up:\m) .. (\n.east...
The control sequence at the end of the top line
of your error message was never \def'ed. If you have
misspelled it (e.g., `\hobx'), type `I' and the correct
spelling (e.g., `I\hbox'). Otherwise just continue,
and I'll forget about whatever was undefined.

./approximations.tex:17: Undefined control sequence.
l.17       \path[group] (\s,0) .. controls +(up:\m
                                                  ) and +(up:\m) .. (\n.east...
The control sequence at the end of the top line
of your error message was never \def'ed. If you have
misspelled it (e.g., `\hobx'), type `I' and the correct
spelling (e.g., `I\hbox'). Otherwise just continue,
and I'll forget about whatever was undefined.

./approximations.tex:17: Undefined control sequence.
l.17 ...p] (\s,0) .. controls +(up:\m) and +(up:\m
                                                  ) .. (\n.east) .. controls...
The control sequence at the end of the top line
of your error message was never \def'ed. If you have
misspelled it (e.g., `\hobx'), type `I' and the correct
spelling (e.g., `I\hbox'). Otherwise just continue,
and I'll forget about whatever was undefined.

./approximations.tex:17: Undefined control sequence.
l.17 ...) .. controls +(up:\m) and +(up:\m) .. (\n
                                                  .east) .. controls +(down:...
The control sequence at the end of the top line
of your error message was never \def'ed. If you have
misspelled it (e.g., `\hobx'), type `I' and the correct
spelling (e.g., `I\hbox'). Otherwise just continue,
and I'll forget about whatever was undefined.

./approximations.tex:17: Undefined control sequence.
l.17 ...(up:\m) .. (\n.east) .. controls +(down:\m
                                                  ) and +(down:\m) .. (\s,0);
The control sequence at the end of the top line
of your error message was never \def'ed. If you have
misspelled it (e.g., `\hobx'), type `I' and the correct
spelling (e.g., `I\hbox'). Otherwise just continue,
and I'll forget about whatever was undefined.

./approximations.tex:17: Undefined control sequence.
l.17 ...east) .. controls +(down:\m) and +(down:\m
                                                  ) .. (\s,0);
The control sequence at the end of the top line
of your error message was never \def'ed. If you have
misspelled it (e.g., `\hobx'), type `I' and the correct
spelling (e.g., `I\hbox'). Otherwise just continue,
and I'll forget about whatever was undefined.

./approximations.tex:17: Undefined control sequence.
l.17 ... controls +(down:\m) and +(down:\m) .. (\s
                                                  ,0);
The control sequence at the end of the top line
of your error message was never \def'ed. If you have
misspelled it (e.g., `\hobx'), type `I' and the correct
spelling (e.g., `I\hbox'). Otherwise just continue,
and I'll forget about whatever was undefined.

./approximations.tex:20: Undefined control sequence.
l.20     \path
              [group,fill=red!7]
The control sequence at the end of the top line
of your error message was never \def'ed. If you have
misspelled it (e.g., `\hobx'), type `I' and the correct
spelling (e.g., `I\hbox'). Otherwise just continue,
and I'll forget about whatever was undefined.

[1{/usr/local/texlive/2016/texmf-var/fonts/map/pdftex/updmap/pdftex.map}] )</usr/local/texlive/2016/texmf-dist/fonts/type1/public/amsfonts/cm/cmr10.pfb>
Output written on /Users/quytrinh/Dropbox/QuyThesis/Thesis/img/.texpadtmp/approximations.pdf (1 page, 20315 bytes).
PDF statistics:
 12 PDF objects out of 1000 (max. 8388607)
 7 compressed objects within 1 object stream
 0 named destinations out of 1000 (max. 500000)
 1 words of extra memory for PDF output out of 10000 (max. 10000000)

