This is pdfTeX, Version 3.14159265-2.6-1.40.15 (TeX Live 2014) (preloaded format=pdftex 2015.3.13)  26 NOV 2017 18:04
entering extended mode
 restricted \write18 enabled.
 file:line:error style messages enabled.
 %&-line parsing enabled.
**/Users/trinhcongquy/Dropbox/FredThesis/src/img/policy.tex
(/Users/trinhcongquy/Dropbox/FredThesis/src/img/policy.tex
/Users/trinhcongquy/Dropbox/FredThesis/src/img/policy.tex:1: Undefined control sequence.
l.1 \begin
          {tikzpicture}
The control sequence at the end of the top line
of your error message was never \def'ed. If you have
misspelled it (e.g., `\hobx'), type `I' and the correct
spelling (e.g., `I\hbox'). Otherwise just continue,
and I'll forget about whatever was undefined.

/Users/trinhcongquy/Dropbox/FredThesis/src/img/policy.tex:3: Undefined control sequence.
l.3 \node
         [name=cell1]{};
The control sequence at the end of the top line
of your error message was never \def'ed. If you have
misspelled it (e.g., `\hobx'), type `I' and the correct
spelling (e.g., `I\hbox'). Otherwise just continue,
and I'll forget about whatever was undefined.

/Users/trinhcongquy/Dropbox/FredThesis/src/img/policy.tex:4: Undefined control sequence.
l.4 \node
         [draw, fill = yellow!10, name = heap, ellipse, minimum width=150pt,...
The control sequence at the end of the top line
of your error message was never \def'ed. If you have
misspelled it (e.g., `\hobx'), type `I' and the correct
spelling (e.g., `I\hbox'). Otherwise just continue,
and I'll forget about whatever was undefined.


Overfull \hbox (70.22765pt too wide) in paragraph at lines 3--5
[]\tenrm [name=cell1]; [draw, fill = yel-low!10, name = heap, el-lipse, min-i-mum width=150pt, min-i-mum height=50pt,anchor=south|

\hbox(7.5+2.5)x469.75499, glue set - 1.0
.\hbox(0.0+0.0)x20.0
.\tenrm [
.\tenrm n
.\tenrm a
.\tenrm m
.etc.

/Users/trinhcongquy/Dropbox/FredThesis/src/img/policy.tex:6: Undefined control sequence.
l.6 \node
         [draw, fill = red!10, color = red, name = add, minimum width=40pt, ...
The control sequence at the end of the top line
of your error message was never \def'ed. If you have
misspelled it (e.g., `\hobx'), type `I' and the correct
spelling (e.g., `I\hbox'). Otherwise just continue,
and I'll forget about whatever was undefined.

/Users/trinhcongquy/Dropbox/FredThesis/src/img/policy.tex:7: Undefined control sequence.
l.7 \node
         [draw, fill = blue!10, name = cnt, minimum width=40pt, minimum heig...
The control sequence at the end of the top line
of your error message was never \def'ed. If you have
misspelled it (e.g., `\hobx'), type `I' and the correct
spelling (e.g., `I\hbox'). Otherwise just continue,
and I'll forget about whatever was undefined.

/Users/trinhcongquy/Dropbox/FredThesis/src/img/policy.tex:8: Undefined control sequence.
l.8 \node
         [draw, fill = green!10, name = rmv, minimum width=40pt, minimum hei...
The control sequence at the end of the top line
of your error message was never \def'ed. If you have
misspelled it (e.g., `\hobx'), type `I' and the correct
spelling (e.g., `I\hbox'). Otherwise just continue,
and I'll forget about whatever was undefined.


Overfull \hbox (6.82936pt too wide) in paragraph at lines 6--9
[]\tenrm [draw, fill = red!10, color = red, name = add, min-i-mum width=40pt, min-i-mum height=20pt,anchor=south|

\hbox(7.5+2.5)x469.75499, glue set - 1.0
.\hbox(0.0+0.0)x20.0
.\tenrm [
.\tenrm d
.\tenrm r
.\tenrm a
.etc.


Overfull \hbox (23.51004pt too wide) in paragraph at lines 6--9
\tenrm min-i-mum width=40pt, min-i-mum height=20pt,anchor=south west,inner sep=0pt,scale=0.8] at ($(\teni cell\tenrm 1\teni :northeast\tenrm ) +|

\hbox(7.5+2.5)x469.75499, glue set - 1.0
.\tenrm m
.\tenrm i
.\tenrm n
.\discretionary
..\tenrm -
.\tenrm i
.etc.


Overfull \hbox (35.06787pt too wide) in paragraph at lines 6--9
\tenrm (130\teni pt; \tenrm 60\teni pt\tenrm )$)cnt(2); [draw, fill = green!10, name = rmv, min-i-mum width=40pt, min-i-mum height=20pt,anchor=south|

\hbox(7.5+2.5)x469.75499, glue set - 1.0
.\tenrm (
.\tenrm 1
.\tenrm 3
.\tenrm 0
.\teni p
.etc.

/Users/trinhcongquy/Dropbox/FredThesis/src/img/policy.tex:11: Undefined control sequence.
l.11 \draw
          [<->, color = red!10] (add) to  ($(heap.west)+(0pt,0pt)$);
The control sequence at the end of the top line
of your error message was never \def'ed. If you have
misspelled it (e.g., `\hobx'), type `I' and the correct
spelling (e.g., `I\hbox'). Otherwise just continue,
and I'll forget about whatever was undefined.

/Users/trinhcongquy/Dropbox/FredThesis/src/img/policy.tex:12: Undefined control sequence.
l.12 \draw
          [<->, color = red!10] (cnt) to  ($(heap.north)+(0pt,0pt)$);
The control sequence at the end of the top line
of your error message was never \def'ed. If you have
misspelled it (e.g., `\hobx'), type `I' and the correct
spelling (e.g., `I\hbox'). Otherwise just continue,
and I'll forget about whatever was undefined.

/Users/trinhcongquy/Dropbox/FredThesis/src/img/policy.tex:13: Undefined control sequence.
l.13 \draw
          [<->, color = red!10] (rmv) to  ($(heap.east)+(0pt,0pt)$);
The control sequence at the end of the top line
of your error message was never \def'ed. If you have
misspelled it (e.g., `\hobx'), type `I' and the correct
spelling (e.g., `I\hbox'). Otherwise just continue,
and I'll forget about whatever was undefined.

[1{/usr/local/texlive/2014/texmf-var/fonts/map/pdftex/updmap/pdftex.map}] )</usr/local/texlive/2014/texmf-dist/fonts/type1/public/amsfonts/cm/cmmi10.pfb></usr/local/texlive/2014/texmf-dist/fonts/type1/public/amsfonts/cm/cmr10.pfb>
Output written on /Users/trinhcongquy/Dropbox/FredThesis/src/img/.texpadtmp/policy.pdf (1 page, 29647 bytes).
PDF statistics:
 16 PDF objects out of 1000 (max. 8388607)
 10 compressed objects within 1 object stream
 0 named destinations out of 1000 (max. 500000)
 1 words of extra memory for PDF output out of 10000 (max. 10000000)

